<?xml version="1.0" encoding="UTF-8"?>
<testsuite name="com.consumer.api.ConsumerServiceTest" time="0.392" tests="2" errors="1" skipped="0" failures="1">
  <properties>
[...]
</properties>
  <testcase name="checkClientNameMatches" classname="com.consumer.api.ConsumerServiceTest" time="0.279">
    <failure message="expected same:&lt;Ninety nine&gt; was not:&lt;Ninety nine&gt;" type="java.lang.AssertionError"><![CDATA[java.lang.AssertionError: expected same:<Ninety nine> was not:<Ninety nine>
	at org.junit.Assert.fail(Assert.java:88)
	at org.junit.Assert.failNotSame(Assert.java:828)
	at org.junit.Assert.assertSame(Assert.java:771)
	at org.junit.Assert.assertSame(Assert.java:782)
	at com.consumer.api.ConsumerServiceTest.checkClientNameMatches(ConsumerServiceTest.java:25)
]]></failure>
    <system-out><![CDATA[16:03:02.785 [main] DEBUG org.springframework.test.context.junit4.SpringJUnit4ClassRunner - SpringJUnit4ClassRunner constructor called with [class com.consumer.api.ConsumerServiceTest]
16:03:02.791 [main] DEBUG org.springframework.test.context.BootstrapUtils - Instantiating CacheAwareContextLoaderDelegate from class [org.springframework.test.context.cache.DefaultCacheAwareContextLoaderDelegate]
16:03:02.798 [main] DEBUG org.springframework.test.context.BootstrapUtils - Instantiating BootstrapContext using constructor [public org.springframework.test.context.support.DefaultBootstrapContext(java.lang.Class,org.springframework.test.context.CacheAwareContextLoaderDelegate)]
16:03:02.822 [main] DEBUG org.springframework.test.context.BootstrapUtils - Instantiating TestContextBootstrapper for test class [com.consumer.api.ConsumerServiceTest] from class [org.springframework.boot.test.context.SpringBootTestContextBootstrapper]
16:03:02.837 [main] INFO org.springframework.boot.test.context.SpringBootTestContextBootstrapper - Neither @ContextConfiguration nor @ContextHierarchy found for test class [com.consumer.api.ConsumerServiceTest], using SpringBootContextLoader
16:03:02.840 [main] DEBUG org.springframework.test.context.support.AbstractContextLoader - Did not detect default resource location for test class [com.consumer.api.ConsumerServiceTest]: class path resource [com/consumer/api/ConsumerServiceTest-context.xml] does not exist
16:03:02.841 [main] DEBUG org.springframework.test.context.support.AbstractContextLoader - Did not detect default resource location for test class [com.consumer.api.ConsumerServiceTest]: class path resource [com/consumer/api/ConsumerServiceTestContext.groovy] does not exist
16:03:02.841 [main] INFO org.springframework.test.context.support.AbstractContextLoader - Could not detect default resource locations for test class [com.consumer.api.ConsumerServiceTest]: no resource found for suffixes {-context.xml, Context.groovy}.
16:03:02.842 [main] INFO org.springframework.test.context.support.AnnotationConfigContextLoaderUtils - Could not detect default configuration classes for test class [com.consumer.api.ConsumerServiceTest]: ConsumerServiceTest does not declare any static, non-private, non-final, nested classes annotated with @Configuration.
16:03:02.959 [main] DEBUG org.springframework.test.context.support.ActiveProfilesUtils - Could not find an 'annotation declaring class' for annotation type [org.springframework.test.context.ActiveProfiles] and class [com.consumer.api.ConsumerServiceTest]
16:03:02.965 [main] DEBUG org.springframework.core.env.StandardEnvironment - Adding [systemProperties] PropertySource with lowest search precedence
16:03:02.966 [main] DEBUG org.springframework.core.env.StandardEnvironment - Adding [systemEnvironment] PropertySource with lowest search precedence
16:03:02.966 [main] DEBUG org.springframework.core.env.StandardEnvironment - Initialized StandardEnvironment with PropertySources [systemProperties,systemEnvironment]
16:03:02.976 [main] DEBUG org.springframework.core.io.support.PathMatchingResourcePatternResolver - Resolved classpath location [com/consumer/api/] to resources [URL [file:/D:/Projects/spring-contract-consumer-api/target/test-classes/com/consumer/api/], URL [file:/D:/Projects/spring-contract-consumer-api/target/classes/com/consumer/api/]]
16:03:02.976 [main] DEBUG org.springframework.core.io.support.PathMatchingResourcePatternResolver - Looking for matching resources in directory tree [D:\Projects\spring-contract-consumer-api\target\test-classes\com\consumer\api]
16:03:02.976 [main] DEBUG org.springframework.core.io.support.PathMatchingResourcePatternResolver - Searching directory [D:\Projects\spring-contract-consumer-api\target\test-classes\com\consumer\api] for files matching pattern [D:/Projects/spring-contract-consumer-api/target/test-classes/com/consumer/api/*.class]
16:03:02.979 [main] DEBUG org.springframework.core.io.support.PathMatchingResourcePatternResolver - Looking for matching resources in directory tree [D:\Projects\spring-contract-consumer-api\target\classes\com\consumer\api]
16:03:02.979 [main] DEBUG org.springframework.core.io.support.PathMatchingResourcePatternResolver - Searching directory [D:\Projects\spring-contract-consumer-api\target\classes\com\consumer\api] for files matching pattern [D:/Projects/spring-contract-consumer-api/target/classes/com/consumer/api/*.class]
16:03:02.980 [main] DEBUG org.springframework.core.io.support.PathMatchingResourcePatternResolver - Resolved location pattern [classpath*:com/consumer/api/*.class] to resources [file [D:\Projects\spring-contract-consumer-api\target\test-classes\com\consumer\api\ConsumerServiceTest.class], file [D:\Projects\spring-contract-consumer-api\target\classes\com\consumer\api\Account.class], file [D:\Projects\spring-contract-consumer-api\target\classes\com\consumer\api\Client.class], file [D:\Projects\spring-contract-consumer-api\target\classes\com\consumer\api\ConsumerController.class], file [D:\Projects\spring-contract-consumer-api\target\classes\com\consumer\api\ConsumerService.class], file [D:\Projects\spring-contract-consumer-api\target\classes\com\consumer\api\SpringBooterConsumer.class]]
16:03:03.028 [main] DEBUG org.springframework.context.annotation.ClassPathScanningCandidateComponentProvider - Identified candidate component class: file [D:\Projects\spring-contract-consumer-api\target\classes\com\consumer\api\SpringBooterConsumer.class]
16:03:03.029 [main] INFO org.springframework.boot.test.context.SpringBootTestContextBootstrapper - Found @SpringBootConfiguration com.consumer.api.SpringBooterConsumer for test class com.consumer.api.ConsumerServiceTest
16:03:03.031 [main] DEBUG org.springframework.boot.test.context.SpringBootTestContextBootstrapper - @TestExecutionListeners is not present for class [com.consumer.api.ConsumerServiceTest]: using defaults.
16:03:03.036 [main] INFO org.springframework.boot.test.context.SpringBootTestContextBootstrapper - Loaded default TestExecutionListener class names from location [META-INF/spring.factories]: [org.springframework.boot.test.mock.mockito.MockitoTestExecutionListener, org.springframework.boot.test.mock.mockito.ResetMocksTestExecutionListener, org.springframework.boot.test.autoconfigure.restdocs.RestDocsTestExecutionListener, org.springframework.boot.test.autoconfigure.web.client.MockRestServiceServerResetTestExecutionListener, org.springframework.boot.test.autoconfigure.web.servlet.MockMvcPrintOnlyOnFailureTestExecutionListener, org.springframework.boot.test.autoconfigure.web.servlet.WebDriverTestExecutionListener, org.springframework.test.context.web.ServletTestExecutionListener, org.springframework.test.context.support.DirtiesContextBeforeModesTestExecutionListener, org.springframework.test.context.support.DependencyInjectionTestExecutionListener, org.springframework.test.context.support.DirtiesContextTestExecutionListener, org.springframework.test.context.transaction.TransactionalTestExecutionListener, org.springframework.test.context.jdbc.SqlScriptsTestExecutionListener]
16:03:03.063 [main] INFO org.springframework.boot.test.context.SpringBootTestContextBootstrapper - Using TestExecutionListeners: [org.springframework.test.context.web.ServletTestExecutionListener@18c1ddd, org.springframework.test.context.support.DirtiesContextBeforeModesTestExecutionListener@be0a2b, org.springframework.boot.test.autoconfigure.SpringBootDependencyInjectionTestExecutionListener@133814f, org.springframework.test.context.support.DirtiesContextTestExecutionListener@15e7fd, org.springframework.test.context.transaction.TransactionalTestExecutionListener@1986957, org.springframework.test.context.jdbc.SqlScriptsTestExecutionListener@1f7d05d, org.springframework.boot.test.autoconfigure.web.client.MockRestServiceServerResetTestExecutionListener@730495, org.springframework.boot.test.mock.mockito.MockitoTestExecutionListener@13a22a9, org.springframework.boot.test.mock.mockito.ResetMocksTestExecutionListener@1082e88, org.springframework.boot.test.autoconfigure.restdocs.RestDocsTestExecutionListener@60704c, org.springframework.boot.test.autoconfigure.web.servlet.MockMvcPrintOnlyOnFailureTestExecutionListener@b19b79, org.springframework.boot.test.autoconfigure.web.servlet.WebDriverTestExecutionListener@32de6c]
16:03:03.066 [main] DEBUG org.springframework.test.annotation.ProfileValueUtils - Retrieved @ProfileValueSourceConfiguration [null] for test class [com.consumer.api.ConsumerServiceTest]
16:03:03.067 [main] DEBUG org.springframework.test.annotation.ProfileValueUtils - Retrieved ProfileValueSource type [class org.springframework.test.annotation.SystemProfileValueSource] for class [com.consumer.api.ConsumerServiceTest]
16:03:03.069 [main] DEBUG org.springframework.test.context.junit4.SpringJUnit4ClassRunner - SpringJUnit4ClassRunner constructor called with [class com.consumer.api.ConsumerServiceTest]
16:03:03.069 [main] DEBUG org.springframework.test.context.BootstrapUtils - Instantiating CacheAwareContextLoaderDelegate from class [org.springframework.test.context.cache.DefaultCacheAwareContextLoaderDelegate]
16:03:03.069 [main] DEBUG org.springframework.test.context.BootstrapUtils - Instantiating BootstrapContext using constructor [public org.springframework.test.context.support.DefaultBootstrapContext(java.lang.Class,org.springframework.test.context.CacheAwareContextLoaderDelegate)]
16:03:03.070 [main] DEBUG org.springframework.test.context.BootstrapUtils - Instantiating TestContextBootstrapper for test class [com.consumer.api.ConsumerServiceTest] from class [org.springframework.boot.test.context.SpringBootTestContextBootstrapper]
16:03:03.071 [main] INFO org.springframework.boot.test.context.SpringBootTestContextBootstrapper - Neither @ContextConfiguration nor @ContextHierarchy found for test class [com.consumer.api.ConsumerServiceTest], using SpringBootContextLoader
16:03:03.072 [main] DEBUG org.springframework.test.context.support.AbstractContextLoader - Did not detect default resource location for test class [com.consumer.api.ConsumerServiceTest]: class path resource [com/consumer/api/ConsumerServiceTest-context.xml] does not exist
16:03:03.072 [main] DEBUG org.springframework.test.context.support.AbstractContextLoader - Did not detect default resource location for test class [com.consumer.api.ConsumerServiceTest]: class path resource [com/consumer/api/ConsumerServiceTestContext.groovy] does not exist
16:03:03.072 [main] INFO org.springframework.test.context.support.AbstractContextLoader - Could not detect default resource locations for test class [com.consumer.api.ConsumerServiceTest]: no resource found for suffixes {-context.xml, Context.groovy}.
16:03:03.072 [main] INFO org.springframework.test.context.support.AnnotationConfigContextLoaderUtils - Could not detect default configuration classes for test class [com.consumer.api.ConsumerServiceTest]: ConsumerServiceTest does not declare any static, non-private, non-final, nested classes annotated with @Configuration.
16:03:03.093 [main] DEBUG org.springframework.test.context.support.ActiveProfilesUtils - Could not find an 'annotation declaring class' for annotation type [org.springframework.test.context.ActiveProfiles] and class [com.consumer.api.ConsumerServiceTest]
16:03:03.093 [main] DEBUG org.springframework.core.env.StandardEnvironment - Adding [systemProperties] PropertySource with lowest search precedence
16:03:03.094 [main] DEBUG org.springframework.core.env.StandardEnvironment - Adding [systemEnvironment] PropertySource with lowest search precedence
16:03:03.094 [main] DEBUG org.springframework.core.env.StandardEnvironment - Initialized StandardEnvironment with PropertySources [systemProperties,systemEnvironment]
16:03:03.094 [main] INFO org.springframework.boot.test.context.SpringBootTestContextBootstrapper - Found @SpringBootConfiguration com.consumer.api.SpringBooterConsumer for test class com.consumer.api.ConsumerServiceTest
16:03:03.095 [main] DEBUG org.springframework.boot.test.context.SpringBootTestContextBootstrapper - @TestExecutionListeners is not present for class [com.consumer.api.ConsumerServiceTest]: using defaults.
16:03:03.099 [main] INFO org.springframework.boot.test.context.SpringBootTestContextBootstrapper - Loaded default TestExecutionListener class names from location [META-INF/spring.factories]: [org.springframework.boot.test.mock.mockito.MockitoTestExecutionListener, org.springframework.boot.test.mock.mockito.ResetMocksTestExecutionListener, org.springframework.boot.test.autoconfigure.restdocs.RestDocsTestExecutionListener, org.springframework.boot.test.autoconfigure.web.client.MockRestServiceServerResetTestExecutionListener, org.springframework.boot.test.autoconfigure.web.servlet.MockMvcPrintOnlyOnFailureTestExecutionListener, org.springframework.boot.test.autoconfigure.web.servlet.WebDriverTestExecutionListener, org.springframework.test.context.web.ServletTestExecutionListener, org.springframework.test.context.support.DirtiesContextBeforeModesTestExecutionListener, org.springframework.test.context.support.DependencyInjectionTestExecutionListener, org.springframework.test.context.support.DirtiesContextTestExecutionListener, org.springframework.test.context.transaction.TransactionalTestExecutionListener, org.springframework.test.context.jdbc.SqlScriptsTestExecutionListener]
16:03:03.103 [main] INFO org.springframework.boot.test.context.SpringBootTestContextBootstrapper - Using TestExecutionListeners: [org.springframework.test.context.web.ServletTestExecutionListener@eaa59a, org.springframework.test.context.support.DirtiesContextBeforeModesTestExecutionListener@27b02d, org.springframework.boot.test.autoconfigure.SpringBootDependencyInjectionTestExecutionListener@47e447, org.springframework.test.context.support.DirtiesContextTestExecutionListener@1fbdac4, org.springframework.test.context.transaction.TransactionalTestExecutionListener@407114, org.springframework.test.context.jdbc.SqlScriptsTestExecutionListener@1ef1869, org.springframework.boot.test.autoconfigure.web.client.MockRestServiceServerResetTestExecutionListener@33b74f, org.springframework.boot.test.mock.mockito.MockitoTestExecutionListener@10161f7, org.springframework.boot.test.mock.mockito.ResetMocksTestExecutionListener@767a52, org.springframework.boot.test.autoconfigure.restdocs.RestDocsTestExecutionListener@19713e5, org.springframework.boot.test.autoconfigure.web.servlet.MockMvcPrintOnlyOnFailureTestExecutionListener@8f5957, org.springframework.boot.test.autoconfigure.web.servlet.WebDriverTestExecutionListener@999068]
16:03:03.104 [main] DEBUG org.springframework.test.annotation.ProfileValueUtils - Retrieved @ProfileValueSourceConfiguration [null] for test class [com.consumer.api.ConsumerServiceTest]
16:03:03.104 [main] DEBUG org.springframework.test.annotation.ProfileValueUtils - Retrieved ProfileValueSource type [class org.springframework.test.annotation.SystemProfileValueSource] for class [com.consumer.api.ConsumerServiceTest]
16:03:03.105 [main] DEBUG org.springframework.test.annotation.ProfileValueUtils - Retrieved @ProfileValueSourceConfiguration [null] for test class [com.consumer.api.ConsumerServiceTest]
16:03:03.105 [main] DEBUG org.springframework.test.annotation.ProfileValueUtils - Retrieved ProfileValueSource type [class org.springframework.test.annotation.SystemProfileValueSource] for class [com.consumer.api.ConsumerServiceTest]
16:03:03.108 [main] DEBUG org.springframework.test.context.support.AbstractDirtiesContextTestExecutionListener - Before test class: context [DefaultTestContext@114e963 testClass = ConsumerServiceTest, testInstance = [null], testMethod = [null], testException = [null], mergedContextConfiguration = [MergedContextConfiguration@ce78ec testClass = ConsumerServiceTest, locations = '{}', classes = '{class com.consumer.api.SpringBooterConsumer}', contextInitializerClasses = '[]', activeProfiles = '{}', propertySourceLocations = '{}', propertySourceProperties = '{org.springframework.boot.test.context.SpringBootTestContextBootstrapper=true}', contextCustomizers = set[[ImportsContextCustomizer@13671df key = [org.springframework.cloud.contract.stubrunner.spring.StubRunnerConfiguration, org.springframework.cloud.contract.stubrunner.spring.cloud.StubRunnerSpringCloudAutoConfiguration, org.springframework.cloud.contract.stubrunner.spring.cloud.ribbon.StubRunnerRibbonAutoConfiguration, org.springframework.cloud.contract.stubrunner.messaging.stream.StubRunnerStreamConfiguration, org.springframework.cloud.contract.stubrunner.messaging.integration.StubRunnerIntegrationConfiguration, org.springframework.cloud.contract.stubrunner.messaging.camel.StubRunnerCamelConfiguration, org.springframework.cloud.contract.stubrunner.spring.cloud.zookeeper.StubRunnerSpringCloudZookeeperAutoConfiguration, org.springframework.cloud.contract.stubrunner.spring.cloud.eureka.StubRunnerSpringCloudEurekaAutoConfiguration, org.springframework.cloud.contract.stubrunner.spring.cloud.consul.StubRunnerSpringCloudConsulAutoConfiguration, org.springframework.cloud.contract.verifier.messaging.stream.ContractVerifierStreamAutoConfiguration, org.springframework.cloud.contract.verifier.messaging.integration.ContractVerifierIntegrationConfiguration, org.springframework.cloud.contract.verifier.messaging.amqp.ContractVerifierAmqpAutoConfiguration, org.springframework.cloud.contract.verifier.messaging.amqp.RabbitMockConnectionFactoryAutoConfiguration, org.springframework.cloud.contract.verifier.messaging.camel.ContractVerifierCamelConfiguration, org.springframework.cloud.contract.verifier.messaging.noop.NoOpContractVerifierAutoConfiguration, Package Import com.consumer.api]], org.springframework.boot.test.context.SpringBootTestContextCustomizer@5185bd, org.springframework.boot.test.context.filter.ExcludeFilterContextCustomizer@607a4f, org.springframework.boot.test.mock.mockito.MockitoContextCustomizer@0, org.springframework.boot.test.autoconfigure.properties.PropertyMappingContextCustomizer@c646a4d1, org.springframework.boot.test.autoconfigure.web.servlet.WebDriverContextCustomizerFactory$Customizer@19b92f3], contextLoader = 'org.springframework.boot.test.context.SpringBootContextLoader', parent = [null]]], class annotated with @DirtiesContext [true] with mode [AFTER_CLASS].
16:03:03.109 [main] DEBUG org.springframework.test.annotation.ProfileValueUtils - Retrieved @ProfileValueSourceConfiguration [null] for test class [com.consumer.api.ConsumerServiceTest]
16:03:03.109 [main] DEBUG org.springframework.test.annotation.ProfileValueUtils - Retrieved ProfileValueSource type [class org.springframework.test.annotation.SystemProfileValueSource] for class [com.consumer.api.ConsumerServiceTest]
16:03:03.110 [main] DEBUG org.springframework.test.context.support.DependencyInjectionTestExecutionListener - Performing dependency injection for test context [[DefaultTestContext@114e963 testClass = ConsumerServiceTest, testInstance = com.consumer.api.ConsumerServiceTest@13291e3, testMethod = [null], testException = [null], mergedContextConfiguration = [MergedContextConfiguration@ce78ec testClass = ConsumerServiceTest, locations = '{}', classes = '{class com.consumer.api.SpringBooterConsumer}', contextInitializerClasses = '[]', activeProfiles = '{}', propertySourceLocations = '{}', propertySourceProperties = '{org.springframework.boot.test.context.SpringBootTestContextBootstrapper=true}', contextCustomizers = set[[ImportsContextCustomizer@13671df key = [org.springframework.cloud.contract.stubrunner.spring.StubRunnerConfiguration, org.springframework.cloud.contract.stubrunner.spring.cloud.StubRunnerSpringCloudAutoConfiguration, org.springframework.cloud.contract.stubrunner.spring.cloud.ribbon.StubRunnerRibbonAutoConfiguration, org.springframework.cloud.contract.stubrunner.messaging.stream.StubRunnerStreamConfiguration, org.springframework.cloud.contract.stubrunner.messaging.integration.StubRunnerIntegrationConfiguration, org.springframework.cloud.contract.stubrunner.messaging.camel.StubRunnerCamelConfiguration, org.springframework.cloud.contract.stubrunner.spring.cloud.zookeeper.StubRunnerSpringCloudZookeeperAutoConfiguration, org.springframework.cloud.contract.stubrunner.spring.cloud.eureka.StubRunnerSpringCloudEurekaAutoConfiguration, org.springframework.cloud.contract.stubrunner.spring.cloud.consul.StubRunnerSpringCloudConsulAutoConfiguration, org.springframework.cloud.contract.verifier.messaging.stream.ContractVerifierStreamAutoConfiguration, org.springframework.cloud.contract.verifier.messaging.integration.ContractVerifierIntegrationConfiguration, org.springframework.cloud.contract.verifier.messaging.amqp.ContractVerifierAmqpAutoConfiguration, org.springframework.cloud.contract.verifier.messaging.amqp.RabbitMockConnectionFactoryAutoConfiguration, org.springframework.cloud.contract.verifier.messaging.camel.ContractVerifierCamelConfiguration, org.springframework.cloud.contract.verifier.messaging.noop.NoOpContractVerifierAutoConfiguration, Package Import com.consumer.api]], org.springframework.boot.test.context.SpringBootTestContextCustomizer@5185bd, org.springframework.boot.test.context.filter.ExcludeFilterContextCustomizer@607a4f, org.springframework.boot.test.mock.mockito.MockitoContextCustomizer@0, org.springframework.boot.test.autoconfigure.properties.PropertyMappingContextCustomizer@c646a4d1, org.springframework.boot.test.autoconfigure.web.servlet.WebDriverContextCustomizerFactory$Customizer@19b92f3], contextLoader = 'org.springframework.boot.test.context.SpringBootContextLoader', parent = [null]]]].
16:03:03.171 [main] DEBUG org.springframework.core.env.StandardEnvironment - Adding [systemProperties] PropertySource with lowest search precedence
16:03:03.171 [main] DEBUG org.springframework.core.env.StandardEnvironment - Adding [systemEnvironment] PropertySource with lowest search precedence
16:03:03.171 [main] DEBUG org.springframework.core.env.StandardEnvironment - Initialized StandardEnvironment with PropertySources [systemProperties,systemEnvironment]
16:03:03.173 [main] DEBUG org.springframework.core.env.MutablePropertySources - Adding [inline] PropertySource with highest search precedence
16:03:03.177 [main] DEBUG org.springframework.test.context.support.TestPropertySourceUtils - Adding inlined properties to environment: {spring.jmx.enabled=false, org.springframework.boot.test.context.SpringBootTestContextBootstrapper=true, server.port=-1}
16:03:03.178 [main] DEBUG org.springframework.core.env.StandardEnvironment - Adding [Inlined Test Properties] PropertySource with highest search precedence

  .   ____          _            __ _ _
 /\\ / ___'_ __ _ _(_)_ __  __ _ \ \ \ \
( ( )\___ | '_ | '_| | '_ \/ _` | \ \ \ \
 \\/  ___)| |_)| | | | | || (_| |  ) ) ) )
  '  |____| .__|_| |_|_| |_\__, | / / / /
 =========|_|==============|___/=/_/_/_/
 :: Spring Boot ::        (v1.5.3.RELEASE)

2017-05-23 16:03:03.460  INFO 8136 --- [           main] com.consumer.api.ConsumerServiceTest     : Starting ConsumerServiceTest on TVMKVM112870L with PID 8136 (started by Niroobha_Sakthivel in D:\Projects\spring-contract-consumer-api)
2017-05-23 16:03:03.461  INFO 8136 --- [           main] com.consumer.api.ConsumerServiceTest     : No active profile set, falling back to default profiles: default
2017-05-23 16:03:03.869  INFO 8136 --- [           main] s.c.a.AnnotationConfigApplicationContext : Refreshing org.springframework.context.annotation.AnnotationConfigApplicationContext@17a7f33: startup date [Tue May 23 16:03:03 CDT 2017]; root of context hierarchy
2017-05-23 16:03:04.445  INFO 8136 --- [           main] o.s.i.config.IntegrationRegistrar        : No bean named 'integrationHeaderChannelRegistry' has been explicitly defined. Therefore, a default DefaultHeaderChannelRegistry will be created.
2017-05-23 16:03:04.807  INFO 8136 --- [           main] faultConfiguringBeanFactoryPostProcessor : No bean named 'errorChannel' has been explicitly defined. Therefore, a default PublishSubscribeChannel will be created.
2017-05-23 16:03:04.813  INFO 8136 --- [           main] faultConfiguringBeanFactoryPostProcessor : No bean named 'taskScheduler' has been explicitly defined. Therefore, a default ThreadPoolTaskScheduler will be created.
2017-05-23 16:03:04.831  INFO 8136 --- [           main] f.a.AutowiredAnnotationBeanPostProcessor : JSR-330 'javax.inject.Inject' annotation found and supported for autowiring
2017-05-23 16:03:05.066  INFO 8136 --- [           main] trationDelegate$BeanPostProcessorChecker : Bean 'integrationGlobalProperties' of type [org.springframework.beans.factory.config.PropertiesFactoryBean] is not eligible for getting processed by all BeanPostProcessors (for example: not eligible for auto-proxying)
2017-05-23 16:03:05.072  INFO 8136 --- [           main] trationDelegate$BeanPostProcessorChecker : Bean 'integrationGlobalProperties' of type [java.util.Properties] is not eligible for getting processed by all BeanPostProcessors (for example: not eligible for auto-proxying)
2017-05-23 16:03:05.121  INFO 8136 --- [           main] f.a.AutowiredAnnotationBeanPostProcessor : JSR-330 'javax.inject.Inject' annotation found and supported for autowiring
2017-05-23 16:03:05.391  INFO 8136 --- [           main] o.s.c.c.s.StubDownloaderBuilderProvider  : Will download stubs using Aether
2017-05-23 16:03:05.442  INFO 8136 --- [           main] o.s.c.c.stubrunner.AetherStubDownloader  : Remote repos not passed but the switch to work offline was set. Stubs will be used from your local Maven repository.
2017-05-23 16:03:05.628  INFO 8136 --- [           main] o.s.c.c.stubrunner.AetherStubDownloader  : Resolved version is [0.0.1-SNAPSHOT]
2017-05-23 16:03:05.629  INFO 8136 --- [           main] o.s.c.c.stubrunner.AetherStubDownloader  : Resolving artifact [com.producer.api:spring-contract-producer-api:jar:stubs:0.0.1-SNAPSHOT] using remote repositories []
2017-05-23 16:03:05.646  INFO 8136 --- [           main] o.s.c.c.stubrunner.AetherStubDownloader  : Resolved artifact [com.producer.api:spring-contract-producer-api:jar:stubs:0.0.1-SNAPSHOT] to C:\Users\niroobha_sakthivel\.m2\repository\com\producer\api\spring-contract-producer-api\0.0.1-SNAPSHOT\spring-contract-producer-api-0.0.1-SNAPSHOT-stubs.jar
2017-05-23 16:03:05.914  INFO 8136 --- [           main] o.s.c.c.stubrunner.AetherStubDownloader  : Unpacking stub from JAR [URI: file:/C:/Users/niroobha_sakthivel/.m2/repository/com/producer/api/spring-contract-producer-api/0.0.1-SNAPSHOT/spring-contract-producer-api-0.0.1-SNAPSHOT-stubs.jar]
2017-05-23 16:03:05.995  INFO 8136 --- [           main] o.s.c.c.stubrunner.AetherStubDownloader  : Unpacked file to [C:\Users\NIROOB~1\AppData\Local\Temp\contracts2894015180043130245]
2017-05-23 16:03:07.412  INFO 8136 --- [           main] ationConfigEmbeddedWebApplicationContext : Refreshing org.springframework.boot.context.embedded.AnnotationConfigEmbeddedWebApplicationContext@1f6bed1: startup date [Tue May 23 16:03:07 CDT 2017]; root of context hierarchy
2017-05-23 16:03:07.475  INFO 8136 --- [           main] f.a.AutowiredAnnotationBeanPostProcessor : JSR-330 'javax.inject.Inject' annotation found and supported for autowiring
2017-05-23 16:03:07.672  INFO 8136 --- [           main] s.b.c.e.t.TomcatEmbeddedServletContainer : Tomcat initialized with port(s): 8087 (http)
2017-05-23 16:03:07.682  INFO 8136 --- [           main] o.apache.catalina.core.StandardService   : Starting service Tomcat
2017-05-23 16:03:07.683  INFO 8136 --- [           main] org.apache.catalina.core.StandardEngine  : Starting Servlet Engine: Apache Tomcat/8.5.14
2017-05-23 16:03:07.812  INFO 8136 --- [ost-startStop-1] o.a.c.c.C.[Tomcat].[localhost].[/]       : Initializing Spring embedded WebApplicationContext
2017-05-23 16:03:07.812  INFO 8136 --- [ost-startStop-1] o.s.web.context.ContextLoader            : Root WebApplicationContext: initialization completed in 400 ms
2017-05-23 16:03:07.856  INFO 8136 --- [ost-startStop-1] o.s.b.w.servlet.ServletRegistrationBean  : Mapping servlet: 'stub' to [/]
2017-05-23 16:03:07.860  INFO 8136 --- [ost-startStop-1] o.s.b.w.servlet.ServletRegistrationBean  : Mapping servlet: 'admin' to [/__admin/*]
2017-05-23 16:03:08.189  INFO 8136 --- [           main] s.b.c.e.t.TomcatEmbeddedServletContainer : Tomcat started on port(s): 8087 (http)
2017-05-23 16:03:08.195  INFO 8136 --- [           main] o.s.c.contract.stubrunner.StubServer     : Started stub server for project [com.producer.api:spring-contract-producer-api:0.0.1-SNAPSHOT:stubs] on port 8087
2017-05-23 16:03:08.382  INFO 8136 --- [nio-8087-exec-1] o.a.c.c.C.[Tomcat].[localhost].[/]       : RequestHandlerClass from context returned com.github.tomakehurst.wiremock.http.AdminRequestHandler. Normalized mapped under returned 'null'
2017-05-23 16:03:08.598  INFO 8136 --- [           main] o.s.c.c.stubrunner.StubRunnerExecutor    : All stubs are now running RunningStubs [namesAndPorts={com.producer.api:spring-contract-producer-api:0.0.1-SNAPSHOT:stubs=8087}]
2017-05-23 16:03:08.855  INFO 8136 --- [           main] o.s.s.c.ThreadPoolTaskScheduler          : Initializing ExecutorService  'taskScheduler'
2017-05-23 16:03:09.198  INFO 8136 --- [           main] f.a.AutowiredAnnotationBeanPostProcessor : JSR-330 'javax.inject.Inject' annotation found and supported for autowiring
2017-05-23 16:03:09.338  INFO 8136 --- [           main] o.s.c.support.DefaultLifecycleProcessor  : Starting beans in phase 0
2017-05-23 16:03:09.338  INFO 8136 --- [           main] o.s.i.endpoint.EventDrivenConsumer       : Adding {logging-channel-adapter:_org.springframework.integration.errorLogger} as a subscriber to the 'errorChannel' channel
2017-05-23 16:03:09.339  INFO 8136 --- [           main] o.s.i.channel.PublishSubscribeChannel    : Channel 'application:-1.errorChannel' has 1 subscriber(s).
2017-05-23 16:03:09.339  INFO 8136 --- [           main] o.s.i.endpoint.EventDrivenConsumer       : started _org.springframework.integration.errorLogger
2017-05-23 16:03:09.359  INFO 8136 --- [           main] com.consumer.api.ConsumerServiceTest     : Started ConsumerServiceTest in 6.18 seconds (JVM running for 7.462)
2017-05-23 16:03:09.450  INFO 8136 --- [nio-8087-exec-4] o.a.c.c.C.[Tomcat].[localhost].[/]       : RequestHandlerClass from context returned com.github.tomakehurst.wiremock.http.StubRequestHandler. Normalized mapped under returned 'null'
<200 OK,com.consumer.api.Account@4c7d6c,{Content-Type=[application/json], Transfer-Encoding=[chunked], Date=[Tue, 23 May 2017 21:03:09 GMT]}>
]]></system-out>
  </testcase>
  <testcase name="checkClientNameDoesNotMatch" classname="com.consumer.api.ConsumerServiceTest" time="0.113">
    <error message="404 null" type="org.springframework.web.client.HttpClientErrorException">org.springframework.web.client.HttpClientErrorException: 404 null
	at org.springframework.web.client.DefaultResponseErrorHandler.handleError(DefaultResponseErrorHandler.java:63)
	at org.springframework.web.client.RestTemplate.handleResponse(RestTemplate.java:700)
	at org.springframework.web.client.RestTemplate.doExecute(RestTemplate.java:653)
	at org.springframework.web.client.RestTemplate.execute(RestTemplate.java:628)
	at org.springframework.web.client.RestTemplate.exchange(RestTemplate.java:590)
	at com.consumer.api.ConsumerService.getClientName(ConsumerService.java:29)
	at com.consumer.api.ConsumerServiceTest.checkClientNameDoesNotMatch(ConsumerServiceTest.java:33)
</error>
    <system-out><![CDATA[2017-05-23 16:03:09.676 ERROR 8136 --- [nio-8087-exec-5] WireMock                                 : Request was not matched:
{
  "url" : "/producer-api",
  "absoluteUrl" : "http://localhost:8087/producer-api",
  "method" : "POST",
  "clientIp" : "127.0.0.1",
  "headers" : {
    "accept" : "application/json, application/*+json",
    "content-type" : "application/json",
    "user-agent" : "Java/1.8.0_121",
    "host" : "localhost:8087",
    "connection" : "keep-alive",
    "content-length" : "17"
  },
  "cookies" : { },
  "browserProxyRequest" : false,
  "loggedDate" : 1495573389658,
  "bodyAsBase64" : "eyJjbGllbnRJZCI6IjkwIn0=",
  "body" : "{\"clientId\":\"90\"}",
  "loggedDateString" : "2017-05-23T21:03:09Z"
}
Closest match:
{
  "url" : "/producer-api",
  "method" : "POST",
  "headers" : {
    "Content-Type" : {
      "matches" : "application/json.*"
    }
  },
  "bodyPatterns" : [ {
    "matchesJsonPath" : "$[?(@.['clientId'] == '99')]"
  } ]
}
]]></system-out>
  </testcase>
</testsuite>